<?xml version="1.0" encoding="UTF-8"?>
<!-- Generated by org.testng.reporters.JUnitXMLReporter -->
<testsuite ignored="0" hostname="LAPTOP-IH94VMQ2" failures="0" tests="2" name="E_Bank_Autoproject Test" time="93.424" errors="0" timestamp="23 Nov 2022 12:36:27 GMT">
  <testcase classname="com.E_Bank_AutoProject.testcases.TC_custCare_003" name="custoperations" time="7.543"/>
  <testcase classname="com.E_Bank_AutoProject.testcases.TC_custCare_003" name="custoperations" time="3.216"/>
</testsuite> <!-- E_Bank_Autoproject Test -->
