<?xml version="1.0" encoding="UTF-8"?>
<testng-results ignored="0" total="2" passed="2" failed="0" skipped="0">
  <reporter-output>
  </reporter-output>
  <suite started-at="2022-11-23T12:34:52Z" name="E_Bank_Autoproject" finished-at="2022-11-23T12:36:26Z" duration-ms="93424">
    <groups>
    </groups>
    <test started-at="2022-11-23T12:34:52Z" name="E_Bank_Autoproject Test" finished-at="2022-11-23T12:36:26Z" duration-ms="93424">
      <class name="com.E_Bank_AutoProject.testcases.TC_custCare_003">
        <test-method is-config="true" signature="setup(java.lang.String)[pri:0, instance:com.E_Bank_AutoProject.testcases.TC_custCare_003@2f217633]" started-at="2022-11-23T12:34:52Z" name="setup" finished-at="2022-11-23T12:36:00Z" duration-ms="67185" status="PASS">
          <params>
            <param index="0">
              <value>
                <![CDATA[chrome]]>
              </value>
            </param>
          </params>
          <reporter-output>
          </reporter-output>
        </test-method> <!-- setup -->
        <test-method signature="custoperations(java.lang.String, java.lang.String, java.lang.String, java.lang.String)[pri:0, instance:com.E_Bank_AutoProject.testcases.TC_custCare_003@2f217633]" started-at="2022-11-23T12:36:07Z" name="custoperations" data-provider="LoginData" finished-at="2022-11-23T12:36:15Z" duration-ms="7543" status="PASS">
          <params>
            <param index="0">
              <value>
                <![CDATA[Ron Delux]]>
              </value>
            </param>
            <param index="1">
              <value>
                <![CDATA[RonDelux@gmail.com]]>
              </value>
            </param>
            <param index="2">
              <value>
                <![CDATA[8888999900]]>
              </value>
            </param>
            <param index="3">
              <value>
                <![CDATA[This is just a trial]]>
              </value>
            </param>
          </params>
          <reporter-output>
          </reporter-output>
        </test-method> <!-- custoperations -->
        <test-method signature="custoperations(java.lang.String, java.lang.String, java.lang.String, java.lang.String)[pri:0, instance:com.E_Bank_AutoProject.testcases.TC_custCare_003@2f217633]" started-at="2022-11-23T12:36:15Z" name="custoperations" data-provider="LoginData" finished-at="2022-11-23T12:36:18Z" duration-ms="3216" status="PASS">
          <params>
            <param index="0">
              <value>
                <![CDATA[Diro Waqs]]>
              </value>
            </param>
            <param index="1">
              <value>
                <![CDATA[DiroW@gmail.com]]>
              </value>
            </param>
            <param index="2">
              <value>
                <![CDATA[9999888800]]>
              </value>
            </param>
            <param index="3">
              <value>
                <![CDATA[This is just a trial]]>
              </value>
            </param>
          </params>
          <reporter-output>
          </reporter-output>
        </test-method> <!-- custoperations -->
        <test-method is-config="true" signature="teardown()[pri:0, instance:com.E_Bank_AutoProject.testcases.TC_custCare_003@2f217633]" started-at="2022-11-23T12:36:18Z" name="teardown" finished-at="2022-11-23T12:36:26Z" duration-ms="7493" status="PASS">
          <reporter-output>
          </reporter-output>
        </test-method> <!-- teardown -->
      </class> <!-- com.E_Bank_AutoProject.testcases.TC_custCare_003 -->
    </test> <!-- E_Bank_Autoproject Test -->
  </suite> <!-- E_Bank_Autoproject -->
</testng-results>
