<?xml version="1.0" encoding="UTF-8"?>
<testng-results ignored="0" total="1" passed="1" failed="0" skipped="0">
  <reporter-output>
  </reporter-output>
  <suite started-at="2022-11-22T18:24:41Z" name="E_Bank_Autoproject" finished-at="2022-11-22T18:25:09Z" duration-ms="27623">
    <groups>
    </groups>
    <test started-at="2022-11-22T18:24:41Z" name="E_Bank_Autoproject Test" finished-at="2022-11-22T18:25:09Z" duration-ms="27623">
      <class name="com.E_Bank_AutoProject.testcases.TC_logout_006">
        <test-method is-config="true" signature="setup(java.lang.String)[pri:0, instance:com.E_Bank_AutoProject.testcases.TC_logout_006@7ce026d3]" started-at="2022-11-22T18:24:41Z" name="setup" finished-at="2022-11-22T18:24:55Z" duration-ms="13990" status="PASS">
          <params>
            <param index="0">
              <value>
                <![CDATA[chrome]]>
              </value>
            </param>
          </params>
          <reporter-output>
          </reporter-output>
        </test-method> <!-- setup -->
        <test-method signature="logout()[pri:0, instance:com.E_Bank_AutoProject.testcases.TC_logout_006@7ce026d3]" started-at="2022-11-22T18:24:55Z" name="logout" finished-at="2022-11-22T18:25:07Z" duration-ms="11991" status="PASS">
          <reporter-output>
          </reporter-output>
        </test-method> <!-- logout -->
        <test-method is-config="true" signature="teardown()[pri:0, instance:com.E_Bank_AutoProject.testcases.TC_logout_006@7ce026d3]" started-at="2022-11-22T18:25:07Z" name="teardown" finished-at="2022-11-22T18:25:09Z" duration-ms="1145" status="PASS">
          <reporter-output>
          </reporter-output>
        </test-method> <!-- teardown -->
      </class> <!-- com.E_Bank_AutoProject.testcases.TC_logout_006 -->
    </test> <!-- E_Bank_Autoproject Test -->
  </suite> <!-- E_Bank_Autoproject -->
</testng-results>
